::1 - - [30/Nov/2022:09:43:05 +0000] "POST /api/v1/users/signup HTTP/1.1" 500 51 "-" "PostmanRuntime/7.29.2"
::1 - - [30/Nov/2022:09:50:32 +0000] "POST /api/v1/users/signup HTTP/1.1" 500 51 "-" "PostmanRuntime/7.29.2"
::1 - - [30/Nov/2022:09:54:23 +0000] "POST /api/v1/users/signup HTTP/1.1" 500 51 "-" "PostmanRuntime/7.29.2"
::1 - - [30/Nov/2022:09:57:04 +0000] "POST /api/v1/users/signup HTTP/1.1" 500 51 "-" "PostmanRuntime/7.29.2"
::1 - - [30/Nov/2022:10:01:34 +0000] "POST /api/v1/users/signup HTTP/1.1" 500 51 "-" "PostmanRuntime/7.29.2"
::1 - - [30/Nov/2022:10:05:07 +0000] "POST /api/v1/users/signup HTTP/1.1" 500 51 "-" "PostmanRuntime/7.29.2"
::1 - - [30/Nov/2022:10:16:47 +0000] "POST /api/v1/users/signup HTTP/1.1" 500 51 "-" "PostmanRuntime/7.29.2"
::1 - - [30/Nov/2022:11:11:54 +0000] "POST /api/v1/users/signup HTTP/1.1" 500 51 "-" "PostmanRuntime/7.29.2"
::1 - - [30/Nov/2022:11:12:58 +0000] "POST /api/v1/users/signup HTTP/1.1" 500 51 "-" "PostmanRuntime/7.29.2"
::1 - - [30/Nov/2022:11:15:33 +0000] "POST /api/v1/users/signup HTTP/1.1" 500 804 "-" "PostmanRuntime/7.29.2"
::1 - - [30/Nov/2022:11:16:12 +0000] "POST /api/v1/users/signup HTTP/1.1" 400 640 "-" "PostmanRuntime/7.29.2"
::1 - - [30/Nov/2022:11:24:02 +0000] "POST /api/v1/users/signup HTTP/1.1" 400 706 "-" "PostmanRuntime/7.29.2"
::1 - - [30/Nov/2022:11:27:33 +0000] "POST /api/v1/users/signup HTTP/1.1" 400 706 "-" "PostmanRuntime/7.29.2"
::1 - - [30/Nov/2022:11:28:11 +0000] "POST /api/v1/users/signup HTTP/1.1" 201 492 "-" "PostmanRuntime/7.29.2"
::1 - - [30/Nov/2022:11:32:10 +0000] "POST /api/v1/users/signup HTTP/1.1" 400 706 "-" "PostmanRuntime/7.29.2"
::1 - - [30/Nov/2022:12:27:45 +0000] "POST /api/v1/users/signin HTTP/1.1" 404 1385 "-" "PostmanRuntime/7.29.2"
::1 - - [30/Nov/2022:12:30:39 +0000] "POST /api/v1/users/signin HTTP/1.1" 200 492 "-" "PostmanRuntime/7.29.2"
::1 - - [30/Nov/2022:13:27:36 +0000] "GET /api/v1/users/63873e4b10ff81a2845c87ba HTTP/1.1" 200 301 "-" "PostmanRuntime/7.29.2"
::1 - - [30/Nov/2022:13:53:45 +0000] "GET /api/v1/users HTTP/1.1" 404 1374 "-" "PostmanRuntime/7.29.2"
::1 - - [30/Nov/2022:13:54:55 +0000] "GET /api/v1/users HTTP/1.1" 200 307 "-" "PostmanRuntime/7.29.2"
::1 - - [30/Nov/2022:14:03:43 +0000] "DELETE /api/v1/users/63873e4b10ff81a2845c87ba HTTP/1.1" 204 - "-" "PostmanRuntime/7.29.2"
::1 - - [30/Nov/2022:14:03:59 +0000] "GET /api/v1/users HTTP/1.1" 200 42 "-" "PostmanRuntime/7.29.2"
::1 - - [30/Nov/2022:14:04:04 +0000] "GET /api/v1/users/63873e4b10ff81a2845c87ba HTTP/1.1" 404 465 "-" "PostmanRuntime/7.29.2"
::1 - - [30/Nov/2022:14:05:09 +0000] "POST /api/v1/users/signup HTTP/1.1" 201 483 "-" "PostmanRuntime/7.29.2"
::1 - - [30/Nov/2022:14:05:24 +0000] "POST /api/v1/users/signup HTTP/1.1" 400 706 "-" "PostmanRuntime/7.29.2"
::1 - - [30/Nov/2022:14:05:30 +0000] "GET /api/v1/users HTTP/1.1" 200 307 "-" "PostmanRuntime/7.29.2"
::1 - - [30/Nov/2022:14:09:14 +0000] "GET /api/v1/users HTTP/1.1" 200 307 "-" "PostmanRuntime/7.29.2"
::1 - - [30/Nov/2022:14:09:20 +0000] "POST /api/v1/users/signup HTTP/1.1" 400 706 "-" "PostmanRuntime/7.29.2"
